[debug] [2025-11-17T21:59:39.541Z] ----------------------------------------------------------------------
[debug] [2025-11-17T21:59:39.545Z] Command:       C:\Program Files\nodejs\node.exe C:\Users\dream\AppData\Roaming\npm\node_modules\firebase-tools\lib\bin\firebase.js init hosting
[debug] [2025-11-17T21:59:39.545Z] CLI Version:   14.25.0
[debug] [2025-11-17T21:59:39.546Z] Platform:      win32
[debug] [2025-11-17T21:59:39.546Z] Node Version:  v20.19.5
[debug] [2025-11-17T21:59:39.546Z] Time:          Mon Nov 17 2025 22:59:39 GMT+0100 (UTC+01:00)
[debug] [2025-11-17T21:59:39.546Z] ----------------------------------------------------------------------
[debug] 
[info] 
     ######## #### ########  ######## ########     ###     ######  ########
     ##        ##  ##     ## ##       ##     ##  ##   ##  ##       ##
     ######    ##  ########  ######   ########  #########  ######  ######
     ##        ##  ##    ##  ##       ##     ## ##     ##       ## ##
     ##       #### ##     ## ######## ########  ##     ##  ######  ########

You're about to initialize a Firebase project in this directory:

  C:\Users\dream\Desktop\master2\projet_cloud\SmartArr

[info] 
=== Project Setup
[info] 
[info] First, let's associate this project directory with a Firebase project.
[info] You can create multiple project aliases by running firebase use --add, 
[info] 
[debug] [2025-11-17T22:02:33.860Z] > command requires scopes: ["email","openid","https://www.googleapis.com/auth/cloudplatformprojects.readonly","https://www.googleapis.com/auth/firebase","https://www.googleapis.com/auth/cloud-platform"]
[debug] [2025-11-17T22:02:33.861Z] > authorizing via signed-in user (dreamseky@gmail.com)
[debug] [2025-11-17T22:02:33.863Z] Checked if tokens are valid: true, expires at: 1763419979760
[debug] [2025-11-17T22:02:33.863Z] Checked if tokens are valid: true, expires at: 1763419979760
[debug] [2025-11-17T22:02:33.866Z] >>> [apiv2][query] GET https://firebase.googleapis.com/v1beta1/projects pageSize=100
[debug] [2025-11-17T22:02:34.628Z] <<< [apiv2][status] GET https://firebase.googleapis.com/v1beta1/projects 200
[debug] [2025-11-17T22:02:34.628Z] <<< [apiv2][body] GET https://firebase.googleapis.com/v1beta1/projects [omitted]
[info] 
=== Hosting Setup
[debug] [2025-11-17T22:02:43.765Z] Checked if tokens are valid: true, expires at: 1763419979760
[debug] [2025-11-17T22:02:43.765Z] Checked if tokens are valid: true, expires at: 1763419979760
[debug] [2025-11-17T22:02:43.766Z] >>> [apiv2][query] GET https://firebase.googleapis.com/v1beta1/projects/arrosageintelligent [none]
[debug] [2025-11-17T22:02:44.482Z] <<< [apiv2][status] GET https://firebase.googleapis.com/v1beta1/projects/arrosageintelligent 200
[debug] [2025-11-17T22:02:44.483Z] <<< [apiv2][body] GET https://firebase.googleapis.com/v1beta1/projects/arrosageintelligent {"projectId":"arrosageintelligent","projectNumber":"964040889499","displayName":"ArrosageIntelligent","name":"projects/arrosageintelligent","resources":{"hostingSite":"arrosageintelligent","realtimeDatabaseInstance":"arrosageintelligent-default-rtdb"},"state":"ACTIVE","etag":"1_379e3791-ab2f-4248-9670-20e29d9b9caf"}
[info] 
[info] Your public directory is the folder (relative to your project directory) that
[info] will contain Hosting assets to be uploaded with firebase deploy. If you
[info] have a build process for your assets, use your build's output directory.
[info] 
